<?xml version="1.0" encoding="UTF-8"?>
<testsuite xmlns:xsi="http://www.w3.org/2001/XMLSchema-instance" xsi:noNamespaceSchemaLocation="https://maven.apache.org/surefire/maven-surefire-plugin/xsd/surefire-test-report-3.0.xsd" version="3.0" name="com.mycompany.mavenproject1.TestingWebApplicationTests" time="10.515" tests="4" errors="0" skipped="0" failures="0">
  <properties>
    <property name="java.specification.version" value="17"/>
    <property name="sun.cpu.isalist" value="amd64"/>
    <property name="sun.jnu.encoding" value="Cp1252"/>
    <property name="java.class.path" value="C:\Users\Mohammad\OneDrive - Carleton University\Documents\NetBeansProjects\SYSC4806LabProject\target\test-classes;C:\Users\Mohammad\OneDrive - Carleton University\Documents\NetBeansProjects\SYSC4806LabProject\target\classes;C:\Users\Mohammad\.m2\repository\org\slf4j\slf4j-api\2.0.9\slf4j-api-2.0.9.jar;C:\Users\Mohammad\.m2\repository\org\springframework\boot\spring-boot-starter-test\3.1.4\spring-boot-starter-test-3.1.4.jar;C:\Users\Mohammad\.m2\repository\org\springframework\boot\spring-boot-starter\3.1.4\spring-boot-starter-3.1.4.jar;C:\Users\Mohammad\.m2\repository\org\springframework\boot\spring-boot\3.1.4\spring-boot-3.1.4.jar;C:\Users\Mohammad\.m2\repository\org\springframework\boot\spring-boot-autoconfigure\3.1.4\spring-boot-autoconfigure-3.1.4.jar;C:\Users\Mohammad\.m2\repository\org\springframework\boot\spring-boot-starter-logging\3.1.4\spring-boot-starter-logging-3.1.4.jar;C:\Users\Mohammad\.m2\repository\ch\qos\logback\logback-classic\1.4.11\logback-classic-1.4.11.jar;C:\Users\Mohammad\.m2\repository\ch\qos\logback\logback-core\1.4.11\logback-core-1.4.11.jar;C:\Users\Mohammad\.m2\repository\org\apache\logging\log4j\log4j-to-slf4j\2.20.0\log4j-to-slf4j-2.20.0.jar;C:\Users\Mohammad\.m2\repository\org\apache\logging\log4j\log4j-api\2.20.0\log4j-api-2.20.0.jar;C:\Users\Mohammad\.m2\repository\org\slf4j\jul-to-slf4j\2.0.9\jul-to-slf4j-2.0.9.jar;C:\Users\Mohammad\.m2\repository\jakarta\annotation\jakarta.annotation-api\2.1.1\jakarta.annotation-api-2.1.1.jar;C:\Users\Mohammad\.m2\repository\org\yaml\snakeyaml\1.33\snakeyaml-1.33.jar;C:\Users\Mohammad\.m2\repository\org\springframework\boot\spring-boot-test\3.1.4\spring-boot-test-3.1.4.jar;C:\Users\Mohammad\.m2\repository\org\springframework\boot\spring-boot-test-autoconfigure\3.1.4\spring-boot-test-autoconfigure-3.1.4.jar;C:\Users\Mohammad\.m2\repository\com\jayway\jsonpath\json-path\2.8.0\json-path-2.8.0.jar;C:\Users\Mohammad\.m2\repository\jakarta\xml\bind\jakarta.xml.bind-api\4.0.1\jakarta.xml.bind-api-4.0.1.jar;C:\Users\Mohammad\.m2\repository\jakarta\activation\jakarta.activation-api\2.1.2\jakarta.activation-api-2.1.2.jar;C:\Users\Mohammad\.m2\repository\net\minidev\json-smart\2.4.11\json-smart-2.4.11.jar;C:\Users\Mohammad\.m2\repository\net\minidev\accessors-smart\2.4.11\accessors-smart-2.4.11.jar;C:\Users\Mohammad\.m2\repository\org\ow2\asm\asm\9.3\asm-9.3.jar;C:\Users\Mohammad\.m2\repository\org\assertj\assertj-core\3.24.2\assertj-core-3.24.2.jar;C:\Users\Mohammad\.m2\repository\net\bytebuddy\byte-buddy\1.12.21\byte-buddy-1.12.21.jar;C:\Users\Mohammad\.m2\repository\org\hamcrest\hamcrest\2.2\hamcrest-2.2.jar;C:\Users\Mohammad\.m2\repository\org\junit\jupiter\junit-jupiter\5.9.3\junit-jupiter-5.9.3.jar;C:\Users\Mohammad\.m2\repository\org\junit\jupiter\junit-jupiter-api\5.9.3\junit-jupiter-api-5.9.3.jar;C:\Users\Mohammad\.m2\repository\org\opentest4j\opentest4j\1.2.0\opentest4j-1.2.0.jar;C:\Users\Mohammad\.m2\repository\org\junit\platform\junit-platform-commons\1.9.3\junit-platform-commons-1.9.3.jar;C:\Users\Mohammad\.m2\repository\org\apiguardian\apiguardian-api\1.1.2\apiguardian-api-1.1.2.jar;C:\Users\Mohammad\.m2\repository\org\junit\jupiter\junit-jupiter-params\5.9.3\junit-jupiter-params-5.9.3.jar;C:\Users\Mohammad\.m2\repository\org\junit\jupiter\junit-jupiter-engine\5.9.3\junit-jupiter-engine-5.9.3.jar;C:\Users\Mohammad\.m2\repository\org\junit\platform\junit-platform-engine\1.9.3\junit-platform-engine-1.9.3.jar;C:\Users\Mohammad\.m2\repository\org\mockito\mockito-core\5.3.1\mockito-core-5.3.1.jar;C:\Users\Mohammad\.m2\repository\net\bytebuddy\byte-buddy-agent\1.14.4\byte-buddy-agent-1.14.4.jar;C:\Users\Mohammad\.m2\repository\org\objenesis\objenesis\3.3\objenesis-3.3.jar;C:\Users\Mohammad\.m2\repository\org\mockito\mockito-junit-jupiter\5.3.1\mockito-junit-jupiter-5.3.1.jar;C:\Users\Mohammad\.m2\repository\org\skyscreamer\jsonassert\1.5.1\jsonassert-1.5.1.jar;C:\Users\Mohammad\.m2\repository\com\vaadin\external\google\android-json\0.0.20131108.vaadin1\android-json-0.0.20131108.vaadin1.jar;C:\Users\Mohammad\.m2\repository\org\springframework\spring-core\6.0.12\spring-core-6.0.12.jar;C:\Users\Mohammad\.m2\repository\org\springframework\spring-jcl\6.0.12\spring-jcl-6.0.12.jar;C:\Users\Mohammad\.m2\repository\org\springframework\spring-test\6.0.12\spring-test-6.0.12.jar;C:\Users\Mohammad\.m2\repository\org\xmlunit\xmlunit-core\2.9.1\xmlunit-core-2.9.1.jar;C:\Users\Mohammad\.m2\repository\org\springframework\boot\spring-boot-starter-data-rest\3.1.4\spring-boot-starter-data-rest-3.1.4.jar;C:\Users\Mohammad\.m2\repository\org\springframework\data\spring-data-rest-webmvc\4.1.4\spring-data-rest-webmvc-4.1.4.jar;C:\Users\Mohammad\.m2\repository\org\springframework\data\spring-data-rest-core\4.1.4\spring-data-rest-core-4.1.4.jar;C:\Users\Mohammad\.m2\repository\org\springframework\hateoas\spring-hateoas\2.1.2\spring-hateoas-2.1.2.jar;C:\Users\Mohammad\.m2\repository\org\springframework\plugin\spring-plugin-core\3.0.0\spring-plugin-core-3.0.0.jar;C:\Users\Mohammad\.m2\repository\org\atteo\evo-inflector\1.3\evo-inflector-1.3.jar;C:\Users\Mohammad\.m2\repository\com\fasterxml\jackson\core\jackson-databind\2.15.2\jackson-databind-2.15.2.jar;C:\Users\Mohammad\.m2\repository\com\fasterxml\jackson\core\jackson-core\2.15.2\jackson-core-2.15.2.jar;C:\Users\Mohammad\.m2\repository\com\fasterxml\jackson\core\jackson-annotations\2.15.2\jackson-annotations-2.15.2.jar;C:\Users\Mohammad\.m2\repository\org\springframework\spring-webmvc\6.0.12\spring-webmvc-6.0.12.jar;C:\Users\Mohammad\.m2\repository\org\springframework\spring-aop\6.0.12\spring-aop-6.0.12.jar;C:\Users\Mohammad\.m2\repository\org\springframework\spring-beans\6.0.12\spring-beans-6.0.12.jar;C:\Users\Mohammad\.m2\repository\org\springframework\spring-context\6.0.12\spring-context-6.0.12.jar;C:\Users\Mohammad\.m2\repository\org\springframework\spring-expression\6.0.12\spring-expression-6.0.12.jar;C:\Users\Mohammad\.m2\repository\org\springframework\spring-web\6.0.12\spring-web-6.0.12.jar;C:\Users\Mohammad\.m2\repository\io\micrometer\micrometer-observation\1.10.11\micrometer-observation-1.10.11.jar;C:\Users\Mohammad\.m2\repository\io\micrometer\micrometer-commons\1.10.11\micrometer-commons-1.10.11.jar;C:\Users\Mohammad\.m2\repository\org\springframework\boot\spring-boot-starter-thymeleaf\3.1.4\spring-boot-starter-thymeleaf-3.1.4.jar;C:\Users\Mohammad\.m2\repository\org\thymeleaf\thymeleaf-spring6\3.1.2.RELEASE\thymeleaf-spring6-3.1.2.RELEASE.jar;C:\Users\Mohammad\.m2\repository\org\thymeleaf\thymeleaf\3.1.2.RELEASE\thymeleaf-3.1.2.RELEASE.jar;C:\Users\Mohammad\.m2\repository\org\attoparser\attoparser\2.0.7.RELEASE\attoparser-2.0.7.RELEASE.jar;C:\Users\Mohammad\.m2\repository\org\unbescape\unbescape\1.1.6.RELEASE\unbescape-1.1.6.RELEASE.jar;C:\Users\Mohammad\.m2\repository\org\springframework\boot\spring-boot-starter-web\3.1.4\spring-boot-starter-web-3.1.4.jar;C:\Users\Mohammad\.m2\repository\org\springframework\boot\spring-boot-starter-json\3.1.4\spring-boot-starter-json-3.1.4.jar;C:\Users\Mohammad\.m2\repository\com\fasterxml\jackson\datatype\jackson-datatype-jdk8\2.15.2\jackson-datatype-jdk8-2.15.2.jar;C:\Users\Mohammad\.m2\repository\com\fasterxml\jackson\datatype\jackson-datatype-jsr310\2.15.2\jackson-datatype-jsr310-2.15.2.jar;C:\Users\Mohammad\.m2\repository\com\fasterxml\jackson\module\jackson-module-parameter-names\2.15.2\jackson-module-parameter-names-2.15.2.jar;C:\Users\Mohammad\.m2\repository\org\springframework\boot\spring-boot-starter-tomcat\3.1.4\spring-boot-starter-tomcat-3.1.4.jar;C:\Users\Mohammad\.m2\repository\org\apache\tomcat\embed\tomcat-embed-core\10.1.13\tomcat-embed-core-10.1.13.jar;C:\Users\Mohammad\.m2\repository\org\apache\tomcat\embed\tomcat-embed-el\10.1.13\tomcat-embed-el-10.1.13.jar;C:\Users\Mohammad\.m2\repository\org\apache\tomcat\embed\tomcat-embed-websocket\10.1.13\tomcat-embed-websocket-10.1.13.jar;C:\Users\Mohammad\.m2\repository\org\springframework\boot\spring-boot-starter-data-jpa\3.1.4\spring-boot-starter-data-jpa-3.1.4.jar;C:\Users\Mohammad\.m2\repository\org\springframework\boot\spring-boot-starter-aop\3.1.4\spring-boot-starter-aop-3.1.4.jar;C:\Users\Mohammad\.m2\repository\org\aspectj\aspectjweaver\1.9.20\aspectjweaver-1.9.20.jar;C:\Users\Mohammad\.m2\repository\org\springframework\boot\spring-boot-starter-jdbc\3.1.4\spring-boot-starter-jdbc-3.1.4.jar;C:\Users\Mohammad\.m2\repository\com\zaxxer\HikariCP\5.0.1\HikariCP-5.0.1.jar;C:\Users\Mohammad\.m2\repository\org\springframework\spring-jdbc\6.0.12\spring-jdbc-6.0.12.jar;C:\Users\Mohammad\.m2\repository\org\hibernate\orm\hibernate-core\6.2.9.Final\hibernate-core-6.2.9.Final.jar;C:\Users\Mohammad\.m2\repository\jakarta\persistence\jakarta.persistence-api\3.1.0\jakarta.persistence-api-3.1.0.jar;C:\Users\Mohammad\.m2\repository\jakarta\transaction\jakarta.transaction-api\2.0.1\jakarta.transaction-api-2.0.1.jar;C:\Users\Mohammad\.m2\repository\org\jboss\logging\jboss-logging\3.5.0.Final\jboss-logging-3.5.0.Final.jar;C:\Users\Mohammad\.m2\repository\org\hibernate\common\hibernate-commons-annotations\6.0.6.Final\hibernate-commons-annotations-6.0.6.Final.jar;C:\Users\Mohammad\.m2\repository\io\smallrye\jandex\3.0.5\jandex-3.0.5.jar;C:\Users\Mohammad\.m2\repository\com\fasterxml\classmate\1.5.1\classmate-1.5.1.jar;C:\Users\Mohammad\.m2\repository\org\glassfish\jaxb\jaxb-runtime\4.0.2\jaxb-runtime-4.0.2.jar;C:\Users\Mohammad\.m2\repository\org\glassfish\jaxb\jaxb-core\4.0.2\jaxb-core-4.0.2.jar;C:\Users\Mohammad\.m2\repository\org\eclipse\angus\angus-activation\2.0.0\angus-activation-2.0.0.jar;C:\Users\Mohammad\.m2\repository\org\glassfish\jaxb\txw2\4.0.2\txw2-4.0.2.jar;C:\Users\Mohammad\.m2\repository\com\sun\istack\istack-commons-runtime\4.1.1\istack-commons-runtime-4.1.1.jar;C:\Users\Mohammad\.m2\repository\jakarta\inject\jakarta.inject-api\2.0.1\jakarta.inject-api-2.0.1.jar;C:\Users\Mohammad\.m2\repository\org\antlr\antlr4-runtime\4.10.1\antlr4-runtime-4.10.1.jar;C:\Users\Mohammad\.m2\repository\org\springframework\data\spring-data-jpa\3.1.4\spring-data-jpa-3.1.4.jar;C:\Users\Mohammad\.m2\repository\org\springframework\data\spring-data-commons\3.1.4\spring-data-commons-3.1.4.jar;C:\Users\Mohammad\.m2\repository\org\springframework\spring-orm\6.0.12\spring-orm-6.0.12.jar;C:\Users\Mohammad\.m2\repository\org\springframework\spring-tx\6.0.12\spring-tx-6.0.12.jar;C:\Users\Mohammad\.m2\repository\org\springframework\spring-aspects\6.0.12\spring-aspects-6.0.12.jar;C:\Users\Mohammad\.m2\repository\com\h2database\h2\2.2.224\h2-2.2.224.jar;"/>
    <property name="java.vm.vendor" value="Azul Systems, Inc."/>
    <property name="sun.arch.data.model" value="64"/>
    <property name="user.variant" value=""/>
    <property name="java.vendor.url" value="http://www.azul.com/"/>
    <property name="user.timezone" value="America/Toronto"/>
    <property name="org.jboss.logging.provider" value="slf4j"/>
    <property name="os.name" value="Windows 10"/>
    <property name="java.vm.specification.version" value="17"/>
    <property name="user.country" value="CA"/>
    <property name="sun.java.launcher" value="SUN_STANDARD"/>
    <property name="sun.boot.library.path" value="C:\Program Files\Zulu\zulu-17\bin"/>
    <property name="sun.java.command" value="C:\Users\Mohammad\AppData\Local\Temp\surefire12329361107990826965\surefirebooter-20231016171858273_3.jar C:\Users\Mohammad\AppData\Local\Temp\surefire12329361107990826965 2023-10-16T17-18-57_926-jvmRun1 surefire-20231016171858273_1tmp surefire_0-20231016171858273_2tmp"/>
    <property name="jdk.debug" value="release"/>
    <property name="surefire.test.class.path" value="C:\Users\Mohammad\OneDrive - Carleton University\Documents\NetBeansProjects\SYSC4806LabProject\target\test-classes;C:\Users\Mohammad\OneDrive - Carleton University\Documents\NetBeansProjects\SYSC4806LabProject\target\classes;C:\Users\Mohammad\.m2\repository\org\slf4j\slf4j-api\2.0.9\slf4j-api-2.0.9.jar;C:\Users\Mohammad\.m2\repository\org\springframework\boot\spring-boot-starter-test\3.1.4\spring-boot-starter-test-3.1.4.jar;C:\Users\Mohammad\.m2\repository\org\springframework\boot\spring-boot-starter\3.1.4\spring-boot-starter-3.1.4.jar;C:\Users\Mohammad\.m2\repository\org\springframework\boot\spring-boot\3.1.4\spring-boot-3.1.4.jar;C:\Users\Mohammad\.m2\repository\org\springframework\boot\spring-boot-autoconfigure\3.1.4\spring-boot-autoconfigure-3.1.4.jar;C:\Users\Mohammad\.m2\repository\org\springframework\boot\spring-boot-starter-logging\3.1.4\spring-boot-starter-logging-3.1.4.jar;C:\Users\Mohammad\.m2\repository\ch\qos\logback\logback-classic\1.4.11\logback-classic-1.4.11.jar;C:\Users\Mohammad\.m2\repository\ch\qos\logback\logback-core\1.4.11\logback-core-1.4.11.jar;C:\Users\Mohammad\.m2\repository\org\apache\logging\log4j\log4j-to-slf4j\2.20.0\log4j-to-slf4j-2.20.0.jar;C:\Users\Mohammad\.m2\repository\org\apache\logging\log4j\log4j-api\2.20.0\log4j-api-2.20.0.jar;C:\Users\Mohammad\.m2\repository\org\slf4j\jul-to-slf4j\2.0.9\jul-to-slf4j-2.0.9.jar;C:\Users\Mohammad\.m2\repository\jakarta\annotation\jakarta.annotation-api\2.1.1\jakarta.annotation-api-2.1.1.jar;C:\Users\Mohammad\.m2\repository\org\yaml\snakeyaml\1.33\snakeyaml-1.33.jar;C:\Users\Mohammad\.m2\repository\org\springframework\boot\spring-boot-test\3.1.4\spring-boot-test-3.1.4.jar;C:\Users\Mohammad\.m2\repository\org\springframework\boot\spring-boot-test-autoconfigure\3.1.4\spring-boot-test-autoconfigure-3.1.4.jar;C:\Users\Mohammad\.m2\repository\com\jayway\jsonpath\json-path\2.8.0\json-path-2.8.0.jar;C:\Users\Mohammad\.m2\repository\jakarta\xml\bind\jakarta.xml.bind-api\4.0.1\jakarta.xml.bind-api-4.0.1.jar;C:\Users\Mohammad\.m2\repository\jakarta\activation\jakarta.activation-api\2.1.2\jakarta.activation-api-2.1.2.jar;C:\Users\Mohammad\.m2\repository\net\minidev\json-smart\2.4.11\json-smart-2.4.11.jar;C:\Users\Mohammad\.m2\repository\net\minidev\accessors-smart\2.4.11\accessors-smart-2.4.11.jar;C:\Users\Mohammad\.m2\repository\org\ow2\asm\asm\9.3\asm-9.3.jar;C:\Users\Mohammad\.m2\repository\org\assertj\assertj-core\3.24.2\assertj-core-3.24.2.jar;C:\Users\Mohammad\.m2\repository\net\bytebuddy\byte-buddy\1.12.21\byte-buddy-1.12.21.jar;C:\Users\Mohammad\.m2\repository\org\hamcrest\hamcrest\2.2\hamcrest-2.2.jar;C:\Users\Mohammad\.m2\repository\org\junit\jupiter\junit-jupiter\5.9.3\junit-jupiter-5.9.3.jar;C:\Users\Mohammad\.m2\repository\org\junit\jupiter\junit-jupiter-api\5.9.3\junit-jupiter-api-5.9.3.jar;C:\Users\Mohammad\.m2\repository\org\opentest4j\opentest4j\1.2.0\opentest4j-1.2.0.jar;C:\Users\Mohammad\.m2\repository\org\junit\platform\junit-platform-commons\1.9.3\junit-platform-commons-1.9.3.jar;C:\Users\Mohammad\.m2\repository\org\apiguardian\apiguardian-api\1.1.2\apiguardian-api-1.1.2.jar;C:\Users\Mohammad\.m2\repository\org\junit\jupiter\junit-jupiter-params\5.9.3\junit-jupiter-params-5.9.3.jar;C:\Users\Mohammad\.m2\repository\org\junit\jupiter\junit-jupiter-engine\5.9.3\junit-jupiter-engine-5.9.3.jar;C:\Users\Mohammad\.m2\repository\org\junit\platform\junit-platform-engine\1.9.3\junit-platform-engine-1.9.3.jar;C:\Users\Mohammad\.m2\repository\org\mockito\mockito-core\5.3.1\mockito-core-5.3.1.jar;C:\Users\Mohammad\.m2\repository\net\bytebuddy\byte-buddy-agent\1.14.4\byte-buddy-agent-1.14.4.jar;C:\Users\Mohammad\.m2\repository\org\objenesis\objenesis\3.3\objenesis-3.3.jar;C:\Users\Mohammad\.m2\repository\org\mockito\mockito-junit-jupiter\5.3.1\mockito-junit-jupiter-5.3.1.jar;C:\Users\Mohammad\.m2\repository\org\skyscreamer\jsonassert\1.5.1\jsonassert-1.5.1.jar;C:\Users\Mohammad\.m2\repository\com\vaadin\external\google\android-json\0.0.20131108.vaadin1\android-json-0.0.20131108.vaadin1.jar;C:\Users\Mohammad\.m2\repository\org\springframework\spring-core\6.0.12\spring-core-6.0.12.jar;C:\Users\Mohammad\.m2\repository\org\springframework\spring-jcl\6.0.12\spring-jcl-6.0.12.jar;C:\Users\Mohammad\.m2\repository\org\springframework\spring-test\6.0.12\spring-test-6.0.12.jar;C:\Users\Mohammad\.m2\repository\org\xmlunit\xmlunit-core\2.9.1\xmlunit-core-2.9.1.jar;C:\Users\Mohammad\.m2\repository\org\springframework\boot\spring-boot-starter-data-rest\3.1.4\spring-boot-starter-data-rest-3.1.4.jar;C:\Users\Mohammad\.m2\repository\org\springframework\data\spring-data-rest-webmvc\4.1.4\spring-data-rest-webmvc-4.1.4.jar;C:\Users\Mohammad\.m2\repository\org\springframework\data\spring-data-rest-core\4.1.4\spring-data-rest-core-4.1.4.jar;C:\Users\Mohammad\.m2\repository\org\springframework\hateoas\spring-hateoas\2.1.2\spring-hateoas-2.1.2.jar;C:\Users\Mohammad\.m2\repository\org\springframework\plugin\spring-plugin-core\3.0.0\spring-plugin-core-3.0.0.jar;C:\Users\Mohammad\.m2\repository\org\atteo\evo-inflector\1.3\evo-inflector-1.3.jar;C:\Users\Mohammad\.m2\repository\com\fasterxml\jackson\core\jackson-databind\2.15.2\jackson-databind-2.15.2.jar;C:\Users\Mohammad\.m2\repository\com\fasterxml\jackson\core\jackson-core\2.15.2\jackson-core-2.15.2.jar;C:\Users\Mohammad\.m2\repository\com\fasterxml\jackson\core\jackson-annotations\2.15.2\jackson-annotations-2.15.2.jar;C:\Users\Mohammad\.m2\repository\org\springframework\spring-webmvc\6.0.12\spring-webmvc-6.0.12.jar;C:\Users\Mohammad\.m2\repository\org\springframework\spring-aop\6.0.12\spring-aop-6.0.12.jar;C:\Users\Mohammad\.m2\repository\org\springframework\spring-beans\6.0.12\spring-beans-6.0.12.jar;C:\Users\Mohammad\.m2\repository\org\springframework\spring-context\6.0.12\spring-context-6.0.12.jar;C:\Users\Mohammad\.m2\repository\org\springframework\spring-expression\6.0.12\spring-expression-6.0.12.jar;C:\Users\Mohammad\.m2\repository\org\springframework\spring-web\6.0.12\spring-web-6.0.12.jar;C:\Users\Mohammad\.m2\repository\io\micrometer\micrometer-observation\1.10.11\micrometer-observation-1.10.11.jar;C:\Users\Mohammad\.m2\repository\io\micrometer\micrometer-commons\1.10.11\micrometer-commons-1.10.11.jar;C:\Users\Mohammad\.m2\repository\org\springframework\boot\spring-boot-starter-thymeleaf\3.1.4\spring-boot-starter-thymeleaf-3.1.4.jar;C:\Users\Mohammad\.m2\repository\org\thymeleaf\thymeleaf-spring6\3.1.2.RELEASE\thymeleaf-spring6-3.1.2.RELEASE.jar;C:\Users\Mohammad\.m2\repository\org\thymeleaf\thymeleaf\3.1.2.RELEASE\thymeleaf-3.1.2.RELEASE.jar;C:\Users\Mohammad\.m2\repository\org\attoparser\attoparser\2.0.7.RELEASE\attoparser-2.0.7.RELEASE.jar;C:\Users\Mohammad\.m2\repository\org\unbescape\unbescape\1.1.6.RELEASE\unbescape-1.1.6.RELEASE.jar;C:\Users\Mohammad\.m2\repository\org\springframework\boot\spring-boot-starter-web\3.1.4\spring-boot-starter-web-3.1.4.jar;C:\Users\Mohammad\.m2\repository\org\springframework\boot\spring-boot-starter-json\3.1.4\spring-boot-starter-json-3.1.4.jar;C:\Users\Mohammad\.m2\repository\com\fasterxml\jackson\datatype\jackson-datatype-jdk8\2.15.2\jackson-datatype-jdk8-2.15.2.jar;C:\Users\Mohammad\.m2\repository\com\fasterxml\jackson\datatype\jackson-datatype-jsr310\2.15.2\jackson-datatype-jsr310-2.15.2.jar;C:\Users\Mohammad\.m2\repository\com\fasterxml\jackson\module\jackson-module-parameter-names\2.15.2\jackson-module-parameter-names-2.15.2.jar;C:\Users\Mohammad\.m2\repository\org\springframework\boot\spring-boot-starter-tomcat\3.1.4\spring-boot-starter-tomcat-3.1.4.jar;C:\Users\Mohammad\.m2\repository\org\apache\tomcat\embed\tomcat-embed-core\10.1.13\tomcat-embed-core-10.1.13.jar;C:\Users\Mohammad\.m2\repository\org\apache\tomcat\embed\tomcat-embed-el\10.1.13\tomcat-embed-el-10.1.13.jar;C:\Users\Mohammad\.m2\repository\org\apache\tomcat\embed\tomcat-embed-websocket\10.1.13\tomcat-embed-websocket-10.1.13.jar;C:\Users\Mohammad\.m2\repository\org\springframework\boot\spring-boot-starter-data-jpa\3.1.4\spring-boot-starter-data-jpa-3.1.4.jar;C:\Users\Mohammad\.m2\repository\org\springframework\boot\spring-boot-starter-aop\3.1.4\spring-boot-starter-aop-3.1.4.jar;C:\Users\Mohammad\.m2\repository\org\aspectj\aspectjweaver\1.9.20\aspectjweaver-1.9.20.jar;C:\Users\Mohammad\.m2\repository\org\springframework\boot\spring-boot-starter-jdbc\3.1.4\spring-boot-starter-jdbc-3.1.4.jar;C:\Users\Mohammad\.m2\repository\com\zaxxer\HikariCP\5.0.1\HikariCP-5.0.1.jar;C:\Users\Mohammad\.m2\repository\org\springframework\spring-jdbc\6.0.12\spring-jdbc-6.0.12.jar;C:\Users\Mohammad\.m2\repository\org\hibernate\orm\hibernate-core\6.2.9.Final\hibernate-core-6.2.9.Final.jar;C:\Users\Mohammad\.m2\repository\jakarta\persistence\jakarta.persistence-api\3.1.0\jakarta.persistence-api-3.1.0.jar;C:\Users\Mohammad\.m2\repository\jakarta\transaction\jakarta.transaction-api\2.0.1\jakarta.transaction-api-2.0.1.jar;C:\Users\Mohammad\.m2\repository\org\jboss\logging\jboss-logging\3.5.0.Final\jboss-logging-3.5.0.Final.jar;C:\Users\Mohammad\.m2\repository\org\hibernate\common\hibernate-commons-annotations\6.0.6.Final\hibernate-commons-annotations-6.0.6.Final.jar;C:\Users\Mohammad\.m2\repository\io\smallrye\jandex\3.0.5\jandex-3.0.5.jar;C:\Users\Mohammad\.m2\repository\com\fasterxml\classmate\1.5.1\classmate-1.5.1.jar;C:\Users\Mohammad\.m2\repository\org\glassfish\jaxb\jaxb-runtime\4.0.2\jaxb-runtime-4.0.2.jar;C:\Users\Mohammad\.m2\repository\org\glassfish\jaxb\jaxb-core\4.0.2\jaxb-core-4.0.2.jar;C:\Users\Mohammad\.m2\repository\org\eclipse\angus\angus-activation\2.0.0\angus-activation-2.0.0.jar;C:\Users\Mohammad\.m2\repository\org\glassfish\jaxb\txw2\4.0.2\txw2-4.0.2.jar;C:\Users\Mohammad\.m2\repository\com\sun\istack\istack-commons-runtime\4.1.1\istack-commons-runtime-4.1.1.jar;C:\Users\Mohammad\.m2\repository\jakarta\inject\jakarta.inject-api\2.0.1\jakarta.inject-api-2.0.1.jar;C:\Users\Mohammad\.m2\repository\org\antlr\antlr4-runtime\4.10.1\antlr4-runtime-4.10.1.jar;C:\Users\Mohammad\.m2\repository\org\springframework\data\spring-data-jpa\3.1.4\spring-data-jpa-3.1.4.jar;C:\Users\Mohammad\.m2\repository\org\springframework\data\spring-data-commons\3.1.4\spring-data-commons-3.1.4.jar;C:\Users\Mohammad\.m2\repository\org\springframework\spring-orm\6.0.12\spring-orm-6.0.12.jar;C:\Users\Mohammad\.m2\repository\org\springframework\spring-tx\6.0.12\spring-tx-6.0.12.jar;C:\Users\Mohammad\.m2\repository\org\springframework\spring-aspects\6.0.12\spring-aspects-6.0.12.jar;C:\Users\Mohammad\.m2\repository\com\h2database\h2\2.2.224\h2-2.2.224.jar;"/>
    <property name="sun.cpu.endian" value="little"/>
    <property name="user.home" value="C:\Users\Mohammad"/>
    <property name="user.language" value="en"/>
    <property name="java.specification.vendor" value="Oracle Corporation"/>
    <property name="java.version.date" value="2022-01-18"/>
    <property name="java.home" value="C:\Program Files\Zulu\zulu-17"/>
    <property name="file.separator" value="\"/>
    <property name="basedir" value="C:\Users\Mohammad\OneDrive - Carleton University\Documents\NetBeansProjects\SYSC4806LabProject"/>
    <property name="java.vm.compressedOopsMode" value="Zero based"/>
    <property name="line.separator" value="&#10;"/>
    <property name="java.vm.specification.vendor" value="Oracle Corporation"/>
    <property name="java.specification.name" value="Java Platform API Specification"/>
    <property name="FILE_LOG_CHARSET" value="windows-1252"/>
    <property name="java.awt.headless" value="true"/>
    <property name="surefire.real.class.path" value="C:\Users\Mohammad\AppData\Local\Temp\surefire12329361107990826965\surefirebooter-20231016171858273_3.jar"/>
    <property name="user.script" value=""/>
    <property name="sun.management.compiler" value="HotSpot 64-Bit Tiered Compilers"/>
    <property name="java.runtime.version" value="17.0.2+8-LTS"/>
    <property name="user.name" value="Mohammad"/>
    <property name="path.separator" value=";"/>
    <property name="os.version" value="10.0"/>
    <property name="java.runtime.name" value="OpenJDK Runtime Environment"/>
    <property name="file.encoding" value="UTF-8"/>
    <property name="java.vm.name" value="OpenJDK 64-Bit Server VM"/>
    <property name="java.vendor.version" value="Zulu17.32+13-CA"/>
    <property name="maven.ext.class.path" value="C:\Program Files\NetBeans-18\netbeans\java\maven-nblib\netbeans-eventspy.jar"/>
    <property name="localRepository" value="C:\Users\Mohammad\.m2\repository"/>
    <property name="java.vendor.url.bug" value="http://www.azul.com/support/"/>
    <property name="java.io.tmpdir" value="C:\Users\Mohammad\AppData\Local\Temp\"/>
    <property name="com.zaxxer.hikari.pool_number" value="1"/>
    <property name="java.version" value="17.0.2"/>
    <property name="user.dir" value="C:\Users\Mohammad\OneDrive - Carleton University\Documents\NetBeansProjects\SYSC4806LabProject"/>
    <property name="os.arch" value="amd64"/>
    <property name="java.vm.specification.name" value="Java Virtual Machine Specification"/>
    <property name="PID" value="2072"/>
    <property name="sun.os.patch.level" value=""/>
    <property name="CONSOLE_LOG_CHARSET" value="windows-1252"/>
    <property name="native.encoding" value="Cp1252"/>
    <property name="java.library.path" value="C:\Program Files\Zulu\zulu-17\bin;C:\WINDOWS\Sun\Java\bin;C:\WINDOWS\system32;C:\WINDOWS;C:\Program Files (x86)\Razer\ChromaBroadcast\bin;C:\Program Files\Razer\ChromaBroadcast\bin;C:\Program Files\Zulu\zulu-17\bin\;C:\Program Files\Java\jdk-16.0.2\bin;C:\Program Files\Common Files\Oracle\Java\javapath;C:\WINDOWS\system32;C:\WINDOWS;C:\WINDOWS\System32\Wbem;C:\WINDOWS\System32\WindowsPowerShell\v1.0\;C:\Program Files (x86)\ATI Technologies\ATI.ACE\Core-Static;C:\WINDOWS\System32\OpenSSH\;C:\Program Files\Git\cmd;C:\Gradle\gradle-7.5\bin;C:\Users\Mohammad\AppData\Local\Programs\Python\Python39\Scripts\;C:\Users\Mohammad\AppData\Local\Programs\Python\Python39\;C:\Users\Mohammad\AppData\Local\Programs\Python\Python38-32\Scripts\;C:\Users\Mohammad\AppData\Local\Programs\Python\Python38-32\;C:\Users\Mohammad\AppData\Local\Microsoft\WindowsApps;D:\IntellijE\IntelliJ IDEA Educational Edition 2020.3\bin;C:\Program Files (x86)\GitHub CLI\;C:\Users\Mohammad\AppData\Local\GitHubDesktop\bin;C:\MinGW\bin;C:\Program Files\ffmpeg\bin;C:\Windows\ytdownload\youtube-dl;C:\Windows\ytdownload\ffmpeg\bin;C:\Program Files\RedHat\Podman\;C:\Users\Mohammad\AppData\Local\Programs\Python\Python39\Scripts\;C:\Users\Mohammad\AppData\Local\Programs\Python\Python39\;C:\Users\Mohammad\AppData\Local\Programs\Python\Python38-32\Scripts\;C:\Users\Mohammad\AppData\Local\Programs\Python\Python38-32\;C:\Users\Mohammad\AppData\Local\Microsoft\WindowsApps;D:\IntellijE\IntelliJ IDEA Educational Edition 2020.3\bin;;C:\Program Files (x86)\GitHub CLI\;C:\Users\Mohammad\AppData\Local\GitHubDesktop\bin;C:\MinGW\bin;C:\Windows\ytdownload\youtube-dl;C:\Windows\ytdownload\ffmpeg\bin;;."/>
    <property name="java.vm.info" value="mixed mode, sharing"/>
    <property name="java.vendor" value="Azul Systems, Inc."/>
    <property name="java.vm.version" value="17.0.2+8-LTS"/>
    <property name="sun.io.unicode.encoding" value="UnicodeLittle"/>
    <property name="java.class.version" value="61.0"/>
  </properties>
  <testcase name="testGET" classname="com.mycompany.mavenproject1.TestingWebApplicationTests" time="1.624">
    <system-out><![CDATA[17:19:00.217 [main] INFO org.springframework.test.context.support.AnnotationConfigContextLoaderUtils -- Could not detect default configuration classes for test class [com.mycompany.mavenproject1.TestingWebApplicationTests]: TestingWebApplicationTests does not declare any static, non-private, non-final, nested classes annotated with @Configuration.
17:19:00.436 [main] INFO org.springframework.boot.test.context.SpringBootTestContextBootstrapper -- Found @SpringBootConfiguration com.mycompany.mavenproject1.RunApplication for test class com.mycompany.mavenproject1.TestingWebApplicationTests

  .   ____          _            __ _ _
 /\\ / ___'_ __ _ _(_)_ __  __ _ \ \ \ \
( ( )\___ | '_ | '_| | '_ \/ _` | \ \ \ \
 \\/  ___)| |_)| | | | | || (_| |  ) ) ) )
  '  |____| .__|_| |_|_| |_\__, | / / / /
 =========|_|==============|___/=/_/_/_/
 :: Spring Boot ::                (v3.1.4)

2023-10-16T17:19:01.147-04:00  INFO 2072 --- [           main] c.m.m.TestingWebApplicationTests         : Starting TestingWebApplicationTests using Java 17.0.2 with PID 2072 (started by Mohammad in C:\Users\Mohammad\OneDrive - Carleton University\Documents\NetBeansProjects\SYSC4806LabProject)
2023-10-16T17:19:01.150-04:00  INFO 2072 --- [           main] c.m.m.TestingWebApplicationTests         : No active profile set, falling back to 1 default profile: "default"
2023-10-16T17:19:02.370-04:00  INFO 2072 --- [           main] .s.d.r.c.RepositoryConfigurationDelegate : Bootstrapping Spring Data JPA repositories in DEFAULT mode.
2023-10-16T17:19:02.470-04:00  INFO 2072 --- [           main] .s.d.r.c.RepositoryConfigurationDelegate : Finished Spring Data repository scanning in 87 ms. Found 2 JPA repository interfaces.
2023-10-16T17:19:03.447-04:00  INFO 2072 --- [           main] com.zaxxer.hikari.HikariDataSource       : HikariPool-1 - Starting...
2023-10-16T17:19:03.781-04:00  INFO 2072 --- [           main] com.zaxxer.hikari.pool.HikariPool        : HikariPool-1 - Added connection conn0: url=jdbc:h2:mem:2c8e7480-6790-4f08-8053-b661e3141485 user=SA
2023-10-16T17:19:03.784-04:00  INFO 2072 --- [           main] com.zaxxer.hikari.HikariDataSource       : HikariPool-1 - Start completed.
2023-10-16T17:19:03.884-04:00  INFO 2072 --- [           main] o.hibernate.jpa.internal.util.LogHelper  : HHH000204: Processing PersistenceUnitInfo [name: default]
2023-10-16T17:19:03.991-04:00  INFO 2072 --- [           main] org.hibernate.Version                    : HHH000412: Hibernate ORM core version 6.2.9.Final
2023-10-16T17:19:03.995-04:00  INFO 2072 --- [           main] org.hibernate.cfg.Environment            : HHH000406: Using bytecode reflection optimizer
2023-10-16T17:19:04.262-04:00  INFO 2072 --- [           main] o.h.b.i.BytecodeProviderInitiator        : HHH000021: Bytecode provider name : bytebuddy
2023-10-16T17:19:04.525-04:00  INFO 2072 --- [           main] o.s.o.j.p.SpringPersistenceUnitInfo      : No LoadTimeWeaver setup: ignoring JPA class transformer
2023-10-16T17:19:05.053-04:00  INFO 2072 --- [           main] o.h.b.i.BytecodeProviderInitiator        : HHH000021: Bytecode provider name : bytebuddy
2023-10-16T17:19:06.121-04:00  INFO 2072 --- [           main] o.h.e.t.j.p.i.JtaPlatformInitiator       : HHH000490: Using JtaPlatform implementation: [org.hibernate.engine.transaction.jta.platform.internal.NoJtaPlatform]
2023-10-16T17:19:06.187-04:00  INFO 2072 --- [           main] j.LocalContainerEntityManagerFactoryBean : Initialized JPA EntityManagerFactory for persistence unit 'default'
2023-10-16T17:19:06.973-04:00  WARN 2072 --- [           main] JpaBaseConfiguration$JpaWebConfiguration : spring.jpa.open-in-view is enabled by default. Therefore, database queries may be performed during view rendering. Explicitly configure spring.jpa.open-in-view to disable this warning
2023-10-16T17:19:08.042-04:00  INFO 2072 --- [           main] o.s.b.t.m.w.SpringBootMockServletContext : Initializing Spring TestDispatcherServlet ''
2023-10-16T17:19:08.043-04:00  INFO 2072 --- [           main] o.s.t.web.servlet.TestDispatcherServlet  : Initializing Servlet ''
2023-10-16T17:19:08.046-04:00  INFO 2072 --- [           main] o.s.t.web.servlet.TestDispatcherServlet  : Completed initialization in 1 ms
2023-10-16T17:19:08.080-04:00  INFO 2072 --- [           main] c.m.m.TestingWebApplicationTests         : Started TestingWebApplicationTests in 7.362 seconds (process running for 9.452)
2023-10-16T17:19:08.223-04:00  INFO 2072 --- [           main] c.m.mavenproject1.RunApplication         : Address books found with findAll():
2023-10-16T17:19:08.223-04:00  INFO 2072 --- [           main] c.m.mavenproject1.RunApplication         : -----------------------------
2023-10-16T17:19:08.422-04:00  INFO 2072 --- [           main] c.m.mavenproject1.RunApplication         : [Name: harold
Phone number: 613-741-7410
, Name: garold
Phone number: 613-852-8520
, Name: larold
Phone number: 613-963-9630
, Name: walter
Phone number: 613-147-1470
, Name: donald
Phone number: 613-258-2580
]
home controller home method called!
is this buddylist null?
its not null!
[Name: harold
Phone number: 613-741-7410
, Name: garold
Phone number: 613-852-8520
, Name: larold
Phone number: 613-963-9630
, Name: walter
Phone number: 613-147-1470
, Name: donald
Phone number: 613-258-2580
]
1

MockHttpServletRequest:
      HTTP Method = GET
      Request URI = /home
       Parameters = {}
          Headers = []
             Body = null
    Session Attrs = {}

Handler:
             Type = com.mycompany.mavenproject1.controllers.HomeController
           Method = com.mycompany.mavenproject1.controllers.HomeController#home(Model)

Async:
    Async started = false
     Async result = null

Resolved Exception:
             Type = null

ModelAndView:
        View name = home
             View = null
        Attribute = bookList
            value = [[Name: harold
Phone number: 613-741-7410
, Name: garold
Phone number: 613-852-8520
, Name: larold
Phone number: 613-963-9630
, Name: walter
Phone number: 613-147-1470
, Name: donald
Phone number: 613-258-2580
]]

FlashMap:
       Attributes = null

MockHttpServletResponse:
           Status = 200
    Error message = null
          Headers = [Content-Language:"en", Content-Type:"text/html;charset=UTF-8"]
     Content type = text/html;charset=UTF-8
             Body = <!DOCTYPE html>
<html>
    <head>
        <title>HOME</title>
        <meta charset="UTF-8">
        <meta name="viewport" content="width=device-width, initial-scale=1.0">
        <style>
            body {
                display: flex;
            }
            h1 {
                text-align: center;
            }
            .newline {
                padding-left: 1vw;
                display: block;
            }
            .buddy .book{
                padding-left: 1vw;
            }
            .buddy{
                padding-left: 2vw;
            }
        </style>
    </head>
    <body>
        <section>
            <h1>List of address books and buddy info's</h1>
            <p class="book">
            <span class="newline">Book Id: <span>1</span></span>
            <span class="newline">buddies: <span>[Name: harold
Phone number: 613-741-7410
, Name: garold
Phone number: 613-852-8520
, Name: larold
Phone number: 613-963-9630
, Name: walter
Phone number: 613-147-1470
, Name: donald
Phone number: 613-258-2580
]</span></span>          
    </section>
</body>
</html>

    Forwarded URL = null
   Redirected URL = null
          Cookies = []

MockHttpServletRequest:
      HTTP Method = GET
      Request URI = /buddies
       Parameters = {}
          Headers = []
             Body = null
    Session Attrs = {}

Handler:
             Type = org.springframework.data.rest.webmvc.RepositoryEntityController
           Method = org.springframework.data.rest.webmvc.RepositoryEntityController#getCollectionResource(RootResourceInformation, DefaultedPageable, Sort, RepresentationModelAssemblers)

Async:
    Async started = false
     Async result = null

Resolved Exception:
             Type = null

ModelAndView:
        View name = null
             View = null
            Model = null

FlashMap:
       Attributes = null

MockHttpServletResponse:
           Status = 200
    Error message = null
          Headers = [Vary:"Origin", "Access-Control-Request-Method", "Access-Control-Request-Headers", Content-Type:"application/hal+json"]
     Content type = application/hal+json
             Body = {
  "_embedded" : {
    "buddyInfoes" : [ {
      "name" : "jimmy",
      "phoneNumber" : "613-111-2222",
      "address" : "112 abc rd",
      "id" : 1,
      "_links" : {
        "self" : {
          "href" : "http://localhost/buddies/1"
        },
        "buddyInfo" : {
          "href" : "http://localhost/buddies/1"
        }
      }
    }, {
      "name" : "timmy",
      "phoneNumber" : "613-222-3333",
      "address" : "163 abc rd",
      "id" : 2,
      "_links" : {
        "self" : {
          "href" : "http://localhost/buddies/2"
        },
        "buddyInfo" : {
          "href" : "http://localhost/buddies/2"
        }
      }
    }, {
      "name" : "himmy",
      "phoneNumber" : "613-333-4444",
      "address" : "124 abc rd",
      "id" : 3,
      "_links" : {
        "self" : {
          "href" : "http://localhost/buddies/3"
        },
        "buddyInfo" : {
          "href" : "http://localhost/buddies/3"
        }
      }
    }, {
      "name" : "billy",
      "phoneNumber" : "613-444-5555",
      "address" : "1765 abc rd",
      "id" : 4,
      "_links" : {
        "self" : {
          "href" : "http://localhost/buddies/4"
        },
        "buddyInfo" : {
          "href" : "http://localhost/buddies/4"
        }
      }
    }, {
      "name" : "willy",
      "phoneNumber" : "613-555-6666",
      "address" : "177 abc rd",
      "id" : 5,
      "_links" : {
        "self" : {
          "href" : "http://localhost/buddies/5"
        },
        "buddyInfo" : {
          "href" : "http://localhost/buddies/5"
        }
      }
    }, {
      "name" : "harold",
      "phoneNumber" : "613-741-7410",
      "address" : "109 abc rd",
      "id" : 6,
      "_links" : {
        "self" : {
          "href" : "http://localhost/buddies/6"
        },
        "buddyInfo" : {
          "href" : "http://localhost/buddies/6"
        }
      }
    }, {
      "name" : "garold",
      "phoneNumber" : "613-852-8520",
      "address" : "156 abc rd",
      "id" : 7,
      "_links" : {
        "self" : {
          "href" : "http://localhost/buddies/7"
        },
        "buddyInfo" : {
          "href" : "http://localhost/buddies/7"
        }
      }
    }, {
      "name" : "larold",
      "phoneNumber" : "613-963-9630",
      "address" : "134 abc rd",
      "id" : 8,
      "_links" : {
        "self" : {
          "href" : "http://localhost/buddies/8"
        },
        "buddyInfo" : {
          "href" : "http://localhost/buddies/8"
        }
      }
    }, {
      "name" : "walter",
      "phoneNumber" : "613-147-1470",
      "address" : "176 abc rd",
      "id" : 9,
      "_links" : {
        "self" : {
          "href" : "http://localhost/buddies/9"
        },
        "buddyInfo" : {
          "href" : "http://localhost/buddies/9"
        }
      }
    }, {
      "name" : "donald",
      "phoneNumber" : "613-258-2580",
      "address" : "1897 abc rd",
      "id" : 10,
      "_links" : {
        "self" : {
          "href" : "http://localhost/buddies/10"
        },
        "buddyInfo" : {
          "href" : "http://localhost/buddies/10"
        }
      }
    } ]
  },
  "_links" : {
    "self" : {
      "href" : "http://localhost/buddies"
    },
    "profile" : {
      "href" : "http://localhost/profile/buddies"
    },
    "search" : {
      "href" : "http://localhost/buddies/search"
    }
  }
}
    Forwarded URL = null
   Redirected URL = null
          Cookies = []
]]></system-out>
  </testcase>
  <testcase name="testPOST" classname="com.mycompany.mavenproject1.TestingWebApplicationTests" time="0.145"/>
  <testcase name="contextLoads" classname="com.mycompany.mavenproject1.TestingWebApplicationTests" time="0.095"/>
  <testcase name="testDelete" classname="com.mycompany.mavenproject1.TestingWebApplicationTests" time="0.005"/>
</testsuite>